Using pre-set license
Built from '2020.3/staging' branch; Version is '2020.3.16f1 (049d6eca3c44) revision 302446'; Using compiler version '192528614'; Build Type 'Release'
OS: 'Windows 10 Home; OS build 19043.1165; Version 2009; 64bit' Language: 'ko' Physical Memory: 32679 MB
BatchMode: 1, IsHumanControllingUs: 0, StartBugReporterOnCrash: 0, Is64bit: 1, IsPro: 0

 COMMAND LINE ARGUMENTS:
C:\Program Files\Unity\Hub\Editor\2020.3.16f1\Editor\Unity.exe
-adb2
-batchMode
-noUpm
-name
AssetImportWorker0
-projectPath
C:/Users/sksdd/OneDrive/문서/GitHub/21_3DSTUDY
-logFile
Logs/AssetImportWorker0.log
-srvPort
50152
Successfully changed project path to: C:/Users/sksdd/OneDrive/문서/GitHub/21_3DSTUDY
C:/Users/sksdd/OneDrive/문서/GitHub/21_3DSTUDY
Using Asset Import Pipeline V2.
Refreshing native plugins compatible for Editor in 20.84 ms, found 2 plugins.
Preloading 0 native plugins for Editor in 0.00 ms.
Initialize engine version: 2020.3.16f1 (049d6eca3c44)
[Subsystems] Discovering subsystems at path C:/Program Files/Unity/Hub/Editor/2020.3.16f1/Editor/Data/Resources/UnitySubsystems
[Subsystems] Discovering subsystems at path C:/Users/sksdd/OneDrive/문서/GitHub/21_3DSTUDY/Assets
GfxDevice: creating device client; threaded=0
Direct3D:
    Version:  Direct3D 11.0 [level 11.1]
    Renderer: NVIDIA GeForce RTX 3070 Ti (ID=0x2482)
    Vendor:   
    VRAM:     8041 MB
    Driver:   30.0.14.7168
Initialize mono
Mono path[0] = 'C:/Program Files/Unity/Hub/Editor/2020.3.16f1/Editor/Data/Managed'
Mono path[1] = 'C:/Program Files/Unity/Hub/Editor/2020.3.16f1/Editor/Data/MonoBleedingEdge/lib/mono/unityjit'
Mono config path = 'C:/Program Files/Unity/Hub/Editor/2020.3.16f1/Editor/Data/MonoBleedingEdge/etc'
Using monoOptions --debugger-agent=transport=dt_socket,embedding=1,server=y,suspend=n,address=127.0.0.1:56244
Begin MonoManager ReloadAssembly
Registering precompiled unity dll's ...
Register platform support module: C:/Program Files/Unity/Hub/Editor/2020.3.16f1/Editor/Data/PlaybackEngines/WindowsStandaloneSupport/UnityEditor.WindowsStandalone.Extensions.dll
Registered in 0.000998 seconds.
Native extension for WindowsStandalone target not found
Refreshing native plugins compatible for Editor in 19.05 ms, found 2 plugins.
Preloading 0 native plugins for Editor in 0.00 ms.
Mono: successfully reloaded assembly
- Completed reload, in  1.009 seconds
Domain Reload Profiling:
	ReloadAssembly (1009ms)
		BeginReloadAssembly (34ms)
			ExecutionOrderSort (0ms)
			DisableScriptedObjects (0ms)
			BackupInstance (0ms)
			ReleaseScriptingObjects (0ms)
			CreateAndSetChildDomain (0ms)
		EndReloadAssembly (249ms)
			LoadAssemblies (33ms)
			RebuildTransferFunctionScriptingTraits (0ms)
			SetupTypeCache (88ms)
			ReleaseScriptCaches (0ms)
			RebuildScriptCaches (18ms)
			SetupLoadedEditorAssemblies (97ms)
				LogAssemblyErrors (0ms)
				InitializePlatformSupportModulesInManaged (3ms)
				SetLoadedEditorAssemblies (0ms)
				RefreshPlugins (19ms)
				BeforeProcessingInitializeOnLoad (5ms)
				ProcessInitializeOnLoadAttributes (52ms)
				ProcessInitializeOnLoadMethodAttributes (18ms)
				AfterProcessingInitializeOnLoad (0ms)
				EditorAssembliesLoaded (0ms)
			ExecutionOrderSort2 (0ms)
			AwakeInstancesAfterBackupRestoration (0ms)
Platform modules already initialized, skipping
Registering precompiled user dll's ...
Registered in 0.002177 seconds.
Begin MonoManager ReloadAssembly
Native extension for WindowsStandalone target not found
Refreshing native plugins compatible for Editor in 0.29 ms, found 2 plugins.
Preloading 0 native plugins for Editor in 0.00 ms.
Mono: successfully reloaded assembly
- Completed reload, in  0.652 seconds
Domain Reload Profiling:
	ReloadAssembly (652ms)
		BeginReloadAssembly (90ms)
			ExecutionOrderSort (0ms)
			DisableScriptedObjects (4ms)
			BackupInstance (0ms)
			ReleaseScriptingObjects (0ms)
			CreateAndSetChildDomain (14ms)
		EndReloadAssembly (524ms)
			LoadAssemblies (53ms)
			RebuildTransferFunctionScriptingTraits (0ms)
			SetupTypeCache (157ms)
			ReleaseScriptCaches (0ms)
			RebuildScriptCaches (25ms)
			SetupLoadedEditorAssemblies (233ms)
				LogAssemblyErrors (0ms)
				InitializePlatformSupportModulesInManaged (3ms)
				SetLoadedEditorAssemblies (0ms)
				RefreshPlugins (0ms)
				BeforeProcessingInitializeOnLoad (34ms)
				ProcessInitializeOnLoadAttributes (189ms)
				ProcessInitializeOnLoadMethodAttributes (3ms)
				AfterProcessingInitializeOnLoad (3ms)
				EditorAssembliesLoaded (0ms)
			ExecutionOrderSort2 (0ms)
			AwakeInstancesAfterBackupRestoration (4ms)
Platform modules already initialized, skipping
========================================================================
Worker process is ready to serve import requests
Launched and connected shader compiler UnityShaderCompiler.exe after 0.04 seconds
Refreshing native plugins compatible for Editor in 0.51 ms, found 2 plugins.
Preloading 0 native plugins for Editor in 0.00 ms.
Unloading 1400 Unused Serialized files (Serialized files now loaded: 0)
System memory in use before: 65.0 MB.
System memory in use after: 65.1 MB.

Unloading 18 unused Assets to reduce memory usage. Loaded Objects now: 1833.
Total: 2.470200 ms (FindLiveObjects: 0.149700 ms CreateObjectMapping: 0.042800 ms MarkObjects: 2.224600 ms  DeleteObjects: 0.051900 ms)

AssetImportParameters requested are different than current active one (requested -> active):
  custom:framework-win-MediaFoundation: 216162199b28c13a410421893ffa2e32 -> 
  custom:video-decoder-ogg-theora: a1e56fd34408186e4bbccfd4996cb3dc -> 
  custom:container-muxer-webm: aa71ff27fc2769a1b78a27578f13a17b -> 
  custom:container-demuxer-webm: 4f35f7cbe854078d1ac9338744f61a02 -> 
  custom:container-demuxer-ogg: 62fdf1f143b41e24485cea50d1cbac27 -> 
  custom:video-encoder-webm-vp8: eb34c28f22e8b96e1ab97ce403110664 -> 
  custom:video-decoder-webm-vp8: 9c59270c3fd7afecdb556c50c9e8de78 -> 
  custom:audio-decoder-ogg-vorbis: bf7c407c2cedff20999df2af8eb42d56 -> 
  custom:audio-encoder-webm-vorbis: bf7c407c2cedff20999df2af8eb42d56 -> 
========================================================================
Received Import Request.
  path: Assets/Plant.prefab
  artifactKey: Guid(f840038d7e2d2b544b25decb5705b9a4) Importer(815301076,1909f56bfc062723c751e8b465ee728b)
Start importing Assets/Plant.prefab using Guid(f840038d7e2d2b544b25decb5705b9a4) Importer(815301076,1909f56bfc062723c751e8b465ee728b)  -> (artifact id: 'b4e9324d0f791662338ff93647448731') in 0.061442 seconds 
  Import took 0.063370 seconds .

========================================================================
Received Import Request.
  Time since last request: 0.000181 seconds.
  path: Assets/Apple.prefab
  artifactKey: Guid(d3aab2fffbca0de459a0c18016ff914d) Importer(815301076,1909f56bfc062723c751e8b465ee728b)
Start importing Assets/Apple.prefab using Guid(d3aab2fffbca0de459a0c18016ff914d) Importer(815301076,1909f56bfc062723c751e8b465ee728b)  -> (artifact id: '830cd3880ab61b3b12d4104b728eb3c1') in 0.008587 seconds 
  Import took 0.010127 seconds .

========================================================================
Received Import Request.
  Time since last request: 0.000121 seconds.
  path: Assets/IslandMaterial.mat
  artifactKey: Guid(3141aadbbf1466e4f87acd885f8e9b39) Importer(815301076,1909f56bfc062723c751e8b465ee728b)
Start importing Assets/IslandMaterial.mat using Guid(3141aadbbf1466e4f87acd885f8e9b39) Importer(815301076,1909f56bfc062723c751e8b465ee728b)  -> (artifact id: '0f6feb2f9eb7eaacd8e9e9c1875777a1') in 0.019219 seconds 
  Import took 0.020701 seconds .

========================================================================
Received Import Request.
  Time since last request: 0.000124 seconds.
  path: Assets/appleMateral.mat
  artifactKey: Guid(fce9991be9814b74780a27a4f3a550d1) Importer(815301076,1909f56bfc062723c751e8b465ee728b)
Start importing Assets/appleMateral.mat using Guid(fce9991be9814b74780a27a4f3a550d1) Importer(815301076,1909f56bfc062723c751e8b465ee728b)  -> (artifact id: '3fd9d5359eb05932064a1d9b0fe7d7e4') in 0.006926 seconds 
  Import took 0.008456 seconds .

========================================================================
Received Import Request.
  Time since last request: 0.000102 seconds.
  path: Assets/PlantMaterial.mat
  artifactKey: Guid(ad9e9a9db5ca51a43a21811c296ed8e0) Importer(815301076,1909f56bfc062723c751e8b465ee728b)
Start importing Assets/PlantMaterial.mat using Guid(ad9e9a9db5ca51a43a21811c296ed8e0) Importer(815301076,1909f56bfc062723c751e8b465ee728b)  -> (artifact id: 'e430de6e792d1aed34b62867b184ba30') in 0.006988 seconds 
  Import took 0.008294 seconds .

========================================================================
Received Import Request.
  Time since last request: 0.000105 seconds.
  path: Assets/IslandMaterial 1.mat
  artifactKey: Guid(92844b1a65ce9454bb8bde46760a4714) Importer(815301076,1909f56bfc062723c751e8b465ee728b)
Start importing Assets/IslandMaterial 1.mat using Guid(92844b1a65ce9454bb8bde46760a4714) Importer(815301076,1909f56bfc062723c751e8b465ee728b)  -> (artifact id: '0a2a6558c85e24dd1462008d3c2346ff') in 0.006603 seconds 
  Import took 0.007923 seconds .

========================================================================
Received Import Request.
  Time since last request: 0.000091 seconds.
  path: Assets/Iron.prefab
  artifactKey: Guid(f81bebb1c306e7a4a998de7c25aa3884) Importer(815301076,1909f56bfc062723c751e8b465ee728b)
Start importing Assets/Iron.prefab using Guid(f81bebb1c306e7a4a998de7c25aa3884) Importer(815301076,1909f56bfc062723c751e8b465ee728b)  -> (artifact id: 'fd10367036df27bb269cbaa8f3ff8536') in 0.007049 seconds 
  Import took 0.008291 seconds .

========================================================================
Received Import Request.
  Time since last request: 0.000099 seconds.
  path: Assets/PlantRespawn.prefab
  artifactKey: Guid(6cc114b4f8b547b4383109ade5017e75) Importer(815301076,1909f56bfc062723c751e8b465ee728b)
Start importing Assets/PlantRespawn.prefab using Guid(6cc114b4f8b547b4383109ade5017e75) Importer(815301076,1909f56bfc062723c751e8b465ee728b)  -> (artifact id: '72f1dc007d1dfc71daedf52aa91f9bef') in 0.006240 seconds 
  Import took 0.007485 seconds .

AssetImportWorkerClient::OnTransportError - code=2 error=End of file
